<?xml version="1.0" encoding="UTF-8"?>
<testsuite xmlns:xsi="http://www.w3.org/2001/XMLSchema-instance" xsi:noNamespaceSchemaLocation="https://maven.apache.org/surefire/maven-surefire-plugin/xsd/surefire-test-report.xsd" name="edu.westga.cs4985.clinicApp.test.UserManager.TestCancelAppointment" time="0.012" tests="2" errors="0" skipped="0" failures="0">
  <properties>
[...]
</properties>
  <testcase name="testCancelInvalidAppointment" classname="edu.westga.cs4985.clinicApp.test.UserManager.TestCancelAppointment" time="0.003"/>
  <testcase name="testCancelValidAppointment" classname="edu.westga.cs4985.clinicApp.test.UserManager.TestCancelAppointment" time="0.006"/>
</testsuite>